2023-09-23 02:48:43,082 [INFO]: Uploaded file with id: file-edA3icBKZGTHGr2t851ZCVQk
2023-09-23 02:48:43,082 [INFO]: Waiting for file to process...
2023-09-23 02:48:46,643 [INFO]: Waiting for file to process...
2023-09-23 02:48:50,138 [INFO]: Waiting for file to process...
2023-09-23 02:48:53,677 [INFO]: Waiting for file to process...
2023-09-23 02:48:57,149 [INFO]: Waiting for file to process...
2023-09-23 02:49:00,615 [INFO]: Waiting for file to process...
2023-09-23 02:49:04,087 [INFO]: Waiting for file to process...
2023-09-23 02:49:07,554 [INFO]: Waiting for file to process...
2023-09-23 02:49:11,038 [INFO]: Waiting for file to process...
2023-09-23 02:49:14,506 [INFO]: Waiting for file to process...
2023-09-23 02:49:17,977 [INFO]: Waiting for file to process...
2023-09-23 02:49:21,451 [INFO]: Waiting for file to process...
2023-09-23 02:49:24,919 [INFO]: Waiting for file to process...
2023-09-23 02:49:28,385 [INFO]: Waiting for file to process...
2023-09-23 02:49:31,975 [INFO]: Waiting for file to process...
2023-09-23 02:49:35,440 [INFO]: Waiting for file to process...
2023-09-23 02:49:38,910 [INFO]: Waiting for file to process...
2023-09-23 02:49:42,491 [INFO]: Waiting for file to process...
2023-09-23 02:49:45,962 [INFO]: Waiting for file to process...
2023-09-23 02:49:49,431 [INFO]: Waiting for file to process...
2023-09-23 02:49:52,902 [INFO]: Waiting for file to process...
2023-09-23 02:49:56,369 [INFO]: Waiting for file to process...
2023-09-23 02:49:59,845 [INFO]: Waiting for file to process...
2023-09-23 02:50:03,322 [INFO]: Waiting for file to process...
2023-09-23 02:50:06,803 [INFO]: Waiting for file to process...
2023-09-23 02:50:10,273 [INFO]: Waiting for file to process...
2023-09-23 02:50:13,747 [INFO]: Waiting for file to process...
2023-09-23 02:50:17,213 [INFO]: Waiting for file to process...
2023-09-23 02:50:20,676 [INFO]: Waiting for file to process...
2023-09-23 02:50:24,151 [INFO]: Waiting for file to process...
2023-09-23 02:50:27,620 [INFO]: Waiting for file to process...
2023-09-23 02:50:31,089 [INFO]: Waiting for file to process...
2023-09-23 02:50:34,567 [INFO]: Waiting for file to process...
2023-09-23 02:50:38,487 [INFO]: Waiting for file to process...
2023-09-23 02:50:41,957 [INFO]: Waiting for file to process...
2023-09-23 02:50:45,434 [INFO]: Waiting for file to process...
2023-09-23 02:50:48,903 [INFO]: Waiting for file to process...
2023-09-23 02:50:52,370 [INFO]: Waiting for file to process...
2023-09-23 02:50:55,835 [INFO]: Waiting for file to process...
2023-09-23 02:50:59,299 [INFO]: Waiting for file to process...
2023-09-23 02:51:02,806 [INFO]: Waiting for file to process...
2023-09-23 02:51:06,281 [INFO]: Waiting for file to process...
2023-09-23 02:51:09,756 [INFO]: Waiting for file to process...
2023-09-23 02:51:13,223 [INFO]: Waiting for file to process...
2023-09-23 02:51:16,799 [INFO]: Waiting for file to process...
2023-09-23 02:51:20,265 [INFO]: Waiting for file to process...
2023-09-23 02:51:23,725 [INFO]: Waiting for file to process...
2023-09-23 02:51:27,616 [INFO]: Waiting for file to process...
2023-09-23 02:51:31,085 [INFO]: Waiting for file to process...
2023-09-23 02:51:34,547 [INFO]: Waiting for file to process...
2023-09-23 02:51:38,017 [INFO]: Waiting for file to process...
2023-09-23 02:51:41,486 [INFO]: Waiting for file to process...
2023-09-23 02:51:44,952 [INFO]: Waiting for file to process...
2023-09-23 02:51:48,431 [INFO]: Waiting for file to process...
2023-09-23 02:51:51,897 [INFO]: Waiting for file to process...
2023-09-23 02:51:55,358 [INFO]: Waiting for file to process...
2023-09-23 02:51:58,822 [INFO]: Waiting for file to process...
2023-09-23 02:52:02,387 [INFO]: Waiting for file to process...
2023-09-23 02:52:05,854 [INFO]: Waiting for file to process...
2023-09-23 02:52:09,318 [INFO]: Waiting for file to process...
2023-09-23 02:52:12,773 [INFO]: Waiting for file to process...
2023-09-23 02:52:16,238 [INFO]: Waiting for file to process...
2023-09-23 02:52:19,704 [INFO]: Waiting for file to process...
2023-09-23 02:52:23,161 [INFO]: Waiting for file to process...
2023-09-23 02:52:26,627 [INFO]: Waiting for file to process...
2023-09-23 02:52:30,088 [INFO]: Waiting for file to process...
2023-09-23 02:52:33,538 [INFO]: Waiting for file to process...
2023-09-23 02:52:37,000 [INFO]: Waiting for file to process...
2023-09-23 02:52:40,458 [INFO]: Waiting for file to process...
2023-09-23 02:52:43,925 [INFO]: Waiting for file to process...
2023-09-23 02:52:47,395 [INFO]: Waiting for file to process...
2023-09-23 02:52:50,868 [INFO]: Waiting for file to process...
2023-09-23 02:52:54,335 [INFO]: Waiting for file to process...
2023-09-23 02:52:57,797 [INFO]: Waiting for file to process...
2023-09-23 02:53:01,258 [INFO]: Waiting for file to process...
2023-09-23 02:53:04,722 [INFO]: Waiting for file to process...
2023-09-23 02:53:08,184 [INFO]: Waiting for file to process...
2023-09-23 02:53:11,658 [INFO]: Waiting for file to process...
2023-09-23 02:53:15,125 [INFO]: Waiting for file to process...
2023-09-23 02:53:18,592 [INFO]: Waiting for file to process...
2023-09-23 02:53:22,217 [INFO]: Waiting for file to process...
2023-09-23 02:53:25,682 [INFO]: Waiting for file to process...
2023-09-23 02:53:29,147 [INFO]: Waiting for file to process...
2023-09-23 02:53:32,621 [INFO]: Waiting for file to process...
2023-09-23 02:53:36,088 [INFO]: Waiting for file to process...
2023-09-23 02:53:39,551 [INFO]: Waiting for file to process...
2023-09-23 02:53:43,025 [INFO]: Waiting for file to process...
2023-09-23 02:53:46,488 [INFO]: Waiting for file to process...
2023-09-23 02:53:49,952 [INFO]: Waiting for file to process...
2023-09-23 02:53:53,423 [INFO]: Waiting for file to process...
2023-09-23 02:53:56,880 [INFO]: Waiting for file to process...
2023-09-23 02:54:00,342 [INFO]: Waiting for file to process...
2023-09-23 02:54:03,825 [INFO]: Waiting for file to process...
2023-09-23 02:54:07,280 [INFO]: Waiting for file to process...
2023-09-23 02:54:10,746 [INFO]: Waiting for file to process...
2023-09-23 02:54:14,204 [INFO]: Waiting for file to process...
2023-09-23 02:54:17,666 [INFO]: Waiting for file to process...
2023-09-23 02:54:21,127 [INFO]: Waiting for file to process...
2023-09-23 02:54:21,589 [INFO]: File processed
2023-09-23 02:54:21,590 [INFO]: {
  "object": "file",
  "id": "file-edA3icBKZGTHGr2t851ZCVQk",
  "purpose": "fine-tune",
  "filename": "file",
  "bytes": 9287877,
  "created_at": 1695419323,
  "status": "uploaded",
  "status_details": null
}
2023-09-23 02:54:22,920 [INFO]: Job created with id: ftjob-7AAdc2Ij1jXelbewV0XT9ypu
